Dec 22, 2022 7:19:42 PM Project.common.MyLogger info
INFO: Project.client.views.UserInputPanel: Chosen username: shrey
Dec 22, 2022 7:19:42 PM Project.common.MyLogger info
INFO: Project.client.Client: Client connected
Dec 22, 2022 7:19:42 PM Project.common.MyLogger info
INFO: Project.client.Client: Listening for server messages
Dec 22, 2022 7:19:42 PM Project.common.MyLogger info
INFO: Project.client.Client: Sent Payload: ClientId[0], ClientName[shrey], Type[CONNECT], Message[null]
Dec 22, 2022 7:19:42 PM Project.common.MyLogger info
INFO: Project.client.views.ChatPanel: Wrapper size: java.awt.Dimension[width=786,height=600]
Dec 22, 2022 7:19:42 PM Project.common.MyLogger info
INFO: Project.client.views.ChatPanel: Wrapper size: java.awt.Dimension[width=554,height=600]
Dec 22, 2022 7:19:42 PM Project.common.MyLogger info
INFO: Project.client.views.ChatPanel: Wrapper size: java.awt.Dimension[width=623,height=600]
Dec 22, 2022 7:19:42 PM Project.common.MyLogger info
INFO: Project.client.views.ChatPanel: Wrapper size: java.awt.Dimension[width=603,height=600]
Dec 22, 2022 7:19:42 PM Project.common.MyLogger info
INFO: Project.client.views.ChatPanel: Wrapper size: java.awt.Dimension[width=609,height=600]
Dec 22, 2022 7:19:42 PM Project.common.MyLogger info
INFO: Project.client.views.GamePanel: Adding shrey[1]
Dec 22, 2022 7:19:42 PM Project.common.MyLogger info
INFO: Project.client.views.GamePanel: Clients in room: 1
Dec 22, 2022 7:19:42 PM Project.common.MyLogger info
INFO: Project.client.ClientUI: Adding shrey[1]
Dec 22, 2022 7:19:42 PM Project.common.MyLogger info
INFO: Project.client.views.UserListPanel: Adding user to list: shrey (1)
Dec 22, 2022 7:19:42 PM Project.common.MyLogger info
INFO: Project.client.views.UserListPanel: Userlist: java.awt.Dimension[width=179,height=596]
Dec 22, 2022 7:19:49 PM Project.common.MyLogger info
INFO: Project.client.views.GamePanel: Adding sam[2]
Dec 22, 2022 7:19:49 PM Project.common.MyLogger info
INFO: Project.client.views.GamePanel: Clients in room: 2
Dec 22, 2022 7:19:49 PM Project.common.MyLogger info
INFO: Project.client.ClientUI: Adding sam[2]
Dec 22, 2022 7:19:49 PM Project.common.MyLogger info
INFO: Project.client.views.UserListPanel: Adding user to list: sam (2)
Dec 22, 2022 7:19:49 PM Project.common.MyLogger info
INFO: Project.client.views.UserListPanel: Userlist: java.awt.Dimension[width=179,height=596]
Dec 22, 2022 7:19:59 PM Project.common.MyLogger info
INFO: Project.client.Client: Sent Payload: ClientId[0], ClientName[shrey], Type[MESSAGE], Message[hi]
Dec 22, 2022 7:20:12 PM Project.common.MyLogger info
INFO: Project.client.Client: Sent Payload: ClientId[0], ClientName[shrey], Type[MESSAGE], Message[/flip]
Dec 22, 2022 7:35:25 PM Project.common.MyLogger info
INFO: Project.client.Client: Sent Payload: ClientId[0], ClientName[shrey], Type[MESSAGE], Message[**__/flip__**]
Dec 22, 2022 7:35:45 PM Project.common.MyLogger info
INFO: Project.client.Client: Sent Payload: ClientId[0], ClientName[shrey], Type[MESSAGE], Message[bold]
Dec 22, 2022 7:36:03 PM Project.common.MyLogger info
INFO: Project.client.Client: Sent Payload: ClientId[0], ClientName[shrey], Type[MESSAGE], Message[**__bold__**]
Dec 22, 2022 8:37:20 PM Project.common.MyLogger info
INFO: Project.client.Client: Sent Payload: ClientId[0], ClientName[null], Type[DISCONNECT], Message[null]
