Dec 22, 2022 10:01:25 PM Project.common.MyLogger info
INFO: Project.client.views.UserInputPanel: Chosen username: guy
Dec 22, 2022 10:01:25 PM Project.common.MyLogger info
INFO: Project.client.Client: Client connected
Dec 22, 2022 10:01:25 PM Project.common.MyLogger info
INFO: Project.client.Client: Listening for server messages
Dec 22, 2022 10:01:25 PM Project.common.MyLogger info
INFO: Project.client.Client: Sent Payload: ClientId[0], ClientName[guy], Type[CONNECT], Message[null]
Dec 22, 2022 10:01:25 PM Project.common.MyLogger info
INFO: Project.client.views.ChatPanel: Wrapper size: java.awt.Dimension[width=786,height=600]
Dec 22, 2022 10:01:25 PM Project.common.MyLogger info
INFO: Project.client.views.GamePanel: Adding guy[3]
Dec 22, 2022 10:01:25 PM Project.common.MyLogger info
INFO: Project.client.views.GamePanel: Clients in room: 1
Dec 22, 2022 10:01:25 PM Project.common.MyLogger info
INFO: Project.client.ClientUI: Adding guy[3]
Dec 22, 2022 10:01:25 PM Project.common.MyLogger info
INFO: Project.client.views.UserListPanel: Adding user to list: guy (3)
Dec 22, 2022 10:01:25 PM Project.common.MyLogger info
INFO: Project.client.views.UserListPanel: Userlist: java.awt.Dimension[width=232,height=596]
Dec 22, 2022 10:01:25 PM Project.common.MyLogger info
INFO: Project.client.views.ChatPanel: Wrapper size: java.awt.Dimension[width=554,height=600]
Dec 22, 2022 10:01:25 PM Project.common.MyLogger info
INFO: Project.client.views.ChatPanel: Wrapper size: java.awt.Dimension[width=623,height=600]
Dec 22, 2022 10:01:25 PM Project.common.MyLogger info
INFO: Project.client.views.GamePanel: Adding shrey[1]
Dec 22, 2022 10:01:25 PM Project.common.MyLogger info
INFO: Project.client.views.GamePanel: Clients in room: 2
Dec 22, 2022 10:01:25 PM Project.common.MyLogger info
INFO: Project.client.ClientUI: Adding shrey[1]
Dec 22, 2022 10:01:25 PM Project.common.MyLogger info
INFO: Project.client.views.UserListPanel: Adding user to list: shrey (1)
Dec 22, 2022 10:01:25 PM Project.common.MyLogger info
INFO: Project.client.views.UserListPanel: Userlist: java.awt.Dimension[width=183,height=596]
Dec 22, 2022 10:01:25 PM Project.common.MyLogger info
INFO: Project.client.views.GamePanel: Adding sam[2]
Dec 22, 2022 10:01:25 PM Project.common.MyLogger info
INFO: Project.client.views.GamePanel: Clients in room: 3
Dec 22, 2022 10:01:25 PM Project.common.MyLogger info
INFO: Project.client.ClientUI: Adding sam[2]
Dec 22, 2022 10:01:25 PM Project.common.MyLogger info
INFO: Project.client.views.UserListPanel: Adding user to list: sam (2)
Dec 22, 2022 10:01:25 PM Project.common.MyLogger info
INFO: Project.client.views.UserListPanel: Userlist: java.awt.Dimension[width=183,height=596]
Dec 22, 2022 10:01:25 PM Project.common.MyLogger info
INFO: Project.client.views.ChatPanel: Wrapper size: java.awt.Dimension[width=603,height=600]
Dec 22, 2022 10:01:25 PM Project.common.MyLogger info
INFO: Project.client.views.ChatPanel: Wrapper size: java.awt.Dimension[width=609,height=600]
Dec 22, 2022 10:01:56 PM Project.common.MyLogger info
INFO: Project.client.Client: Sent Payload: ClientId[0], ClientName[guy], Type[MESSAGE], Message[**hi**]
