Dec 22, 2022 4:41:55 PM Project.common.MyLogger info
INFO: Project.server.ServerThread: Sent payload: ClientId[1], ClientName[null], Type[CLIENT_ID], Message[null]
Dec 22, 2022 4:41:55 PM Project.common.MyLogger info
INFO: Project.server.ServerThread: Sent payload: ClientId[1], ClientName[test], FormattedName[<font color="#e8adf9">test</font>], Type[CONNECT], Message[connected]
Dec 22, 2022 4:41:55 PM Project.common.MyLogger info
INFO: Project.server.ServerThread: Sent payload: ClientId[0], ClientName[null], Type[JOIN_ROOM], Message[lobby]
Dec 22, 2022 4:41:55 PM Project.common.MyLogger info
INFO: Project.server.Room: Room[lobby]: Room[lobby] Syncing client list of 1 to test
Dec 22, 2022 4:42:04 PM Project.common.MyLogger info
INFO: Project.server.Room: Room[lobby]: Sending message to 1 clients
Dec 22, 2022 4:42:04 PM Project.common.MyLogger info
INFO: Project.server.Room: Check here
Dec 22, 2022 4:42:51 PM Project.common.MyLogger info
INFO: Project.server.Room: Room[lobby]: Sending message to 1 clients
Dec 22, 2022 4:42:51 PM Project.common.MyLogger info
INFO: Project.server.Room: Check here
Dec 22, 2022 4:43:40 PM Project.common.MyLogger info
INFO: Project.server.Room: Room[lobby]: Sending message to 1 clients
Dec 22, 2022 4:43:40 PM Project.common.MyLogger info
INFO: Project.server.Room: Check here
Dec 22, 2022 4:44:40 PM Project.common.MyLogger info
INFO: Project.server.Room: Room[lobby]: Sending message to 1 clients
Dec 22, 2022 4:44:40 PM Project.common.MyLogger info
INFO: Project.server.Room: Room[lobby]: Sending message to 1 clients
Dec 22, 2022 4:44:40 PM Project.common.MyLogger info
INFO: Project.server.ServerThread: Sent payload: ClientId[1], ClientName[null], Type[MESSAGE], Message[Flipped tails]
Dec 22, 2022 4:44:43 PM Project.common.MyLogger info
INFO: Project.server.Room: Room[lobby]: Sending message to 1 clients
Dec 22, 2022 4:44:43 PM Project.common.MyLogger info
INFO: Project.server.Room: Check here
Dec 22, 2022 4:44:43 PM Project.common.MyLogger info
INFO: Project.server.Room: Room[lobby]: Sending message to 1 clients
Dec 22, 2022 4:44:43 PM Project.common.MyLogger info
INFO: Project.server.ServerThread: Sent payload: ClientId[1], ClientName[null], Type[MESSAGE], Message[Rolled a 5]
