Dec 22, 2022 3:30:37 PM Project.common.MyLogger info
INFO: Project.client.views.UserInputPanel: Chosen username: shrey
Dec 22, 2022 3:30:37 PM Project.common.MyLogger info
INFO: Project.client.Client: Client connected
Dec 22, 2022 3:30:37 PM Project.common.MyLogger info
INFO: Project.client.Client: Listening for server messages
Dec 22, 2022 3:30:37 PM Project.common.MyLogger info
INFO: Project.client.Client: Sent Payload: ClientId[0], ClientName[shrey], Type[CONNECT], Message[null]
Dec 22, 2022 3:30:37 PM Project.common.MyLogger info
INFO: Project.client.views.ChatPanel: Wrapper size: java.awt.Dimension[width=786,height=600]
Dec 22, 2022 3:30:37 PM Project.common.MyLogger info
INFO: Project.client.views.ChatPanel: Wrapper size: java.awt.Dimension[width=554,height=600]
Dec 22, 2022 3:30:37 PM Project.common.MyLogger info
INFO: Project.client.views.ChatPanel: Wrapper size: java.awt.Dimension[width=623,height=600]
Dec 22, 2022 3:30:37 PM Project.common.MyLogger info
INFO: Project.client.views.ChatPanel: Wrapper size: java.awt.Dimension[width=603,height=600]
Dec 22, 2022 3:30:37 PM Project.common.MyLogger info
INFO: Project.client.views.ChatPanel: Wrapper size: java.awt.Dimension[width=609,height=600]
Dec 22, 2022 3:30:38 PM Project.common.MyLogger info
INFO: Project.client.views.GamePanel: Adding shrey[1]
Dec 22, 2022 3:30:38 PM Project.common.MyLogger info
INFO: Project.client.views.GamePanel: Clients in room: 1
Dec 22, 2022 3:30:38 PM Project.common.MyLogger info
INFO: Project.client.ClientUI: Adding shrey[1]
Dec 22, 2022 3:30:38 PM Project.common.MyLogger info
INFO: Project.client.views.UserListPanel: Adding user to list: shrey (1)
Dec 22, 2022 3:30:38 PM Project.common.MyLogger info
INFO: Project.client.views.UserListPanel: Userlist: java.awt.Dimension[width=179,height=596]
Dec 22, 2022 3:30:43 PM Project.common.MyLogger info
INFO: Project.client.Client: Sent Payload: ClientId[0], ClientName[shrey], Type[MESSAGE], Message[hi]
Dec 22, 2022 3:32:47 PM Project.common.MyLogger info
INFO: Project.client.views.GamePanel: Adding sam[2]
Dec 22, 2022 3:32:47 PM Project.common.MyLogger info
INFO: Project.client.views.GamePanel: Clients in room: 2
Dec 22, 2022 3:32:47 PM Project.common.MyLogger info
INFO: Project.client.ClientUI: Adding sam[2]
Dec 22, 2022 3:32:47 PM Project.common.MyLogger info
INFO: Project.client.views.UserListPanel: Adding user to list: sam (2)
Dec 22, 2022 3:32:47 PM Project.common.MyLogger info
INFO: Project.client.views.UserListPanel: Userlist: java.awt.Dimension[width=179,height=596]
Dec 22, 2022 3:33:21 PM Project.common.MyLogger info
INFO: Project.client.Client: Sent Payload: ClientId[0], ClientName[shrey], Type[MESSAGE], Message[/roll]
Dec 22, 2022 3:38:39 PM Project.common.MyLogger info
INFO: Project.client.Client: Sent Payload: ClientId[0], ClientName[shrey], Type[MESSAGE], Message[jjj]
Dec 22, 2022 3:38:44 PM Project.common.MyLogger info
INFO: Project.client.Client: Sent Payload: ClientId[0], ClientName[shrey], Type[MESSAGE], Message[/mute]
Dec 22, 2022 3:39:46 PM Project.common.MyLogger info
INFO: Project.client.Client: Sent Payload: ClientId[0], ClientName[shrey], Type[MESSAGE], Message[fd]
Dec 22, 2022 3:40:56 PM Project.common.MyLogger info
INFO: Project.client.views.GamePanel: Removing sam[2]
Dec 22, 2022 3:40:56 PM Project.common.MyLogger info
INFO: Project.client.views.GamePanel: Clients in room: 1
Dec 22, 2022 3:40:56 PM Project.common.MyLogger info
INFO: Project.client.ClientUI: Removing sam[2]
Dec 22, 2022 3:40:56 PM Project.common.MyLogger info
INFO: Project.client.views.UserListPanel: removing user list item for id 2
Dec 22, 2022 3:41:00 PM Project.common.MyLogger info
INFO: Project.client.views.GamePanel: Adding sam[3]
Dec 22, 2022 3:41:00 PM Project.common.MyLogger info
INFO: Project.client.views.GamePanel: Clients in room: 2
Dec 22, 2022 3:41:00 PM Project.common.MyLogger info
INFO: Project.client.ClientUI: Adding sam[3]
Dec 22, 2022 3:41:00 PM Project.common.MyLogger info
INFO: Project.client.views.UserListPanel: Adding user to list: sam (3)
Dec 22, 2022 3:41:00 PM Project.common.MyLogger info
INFO: Project.client.views.UserListPanel: Userlist: java.awt.Dimension[width=179,height=596]
Dec 22, 2022 3:43:34 PM Project.common.MyLogger info
INFO: Project.client.Client: Sent Payload: ClientId[0], ClientName[shrey], Type[MESSAGE], Message[hi]
Dec 22, 2022 3:47:01 PM Project.common.MyLogger info
INFO: Project.client.Client: Sent Payload: ClientId[0], ClientName[shrey], Type[MESSAGE], Message[sfs]
Dec 22, 2022 3:47:54 PM Project.common.MyLogger info
INFO: Project.client.Client: Sent Payload: ClientId[0], ClientName[shrey], Type[MESSAGE], Message[hi]
Dec 22, 2022 4:03:50 PM Project.common.MyLogger info
INFO: Project.client.views.GamePanel: Removing sam[3]
Dec 22, 2022 4:03:50 PM Project.common.MyLogger info
INFO: Project.client.views.GamePanel: Clients in room: 1
Dec 22, 2022 4:03:50 PM Project.common.MyLogger info
INFO: Project.client.ClientUI: Removing sam[3]
Dec 22, 2022 4:03:50 PM Project.common.MyLogger info
INFO: Project.client.views.UserListPanel: removing user list item for id 3
Dec 22, 2022 4:03:54 PM Project.common.MyLogger info
INFO: Project.client.Client: Sent Payload: ClientId[0], ClientName[null], Type[DISCONNECT], Message[null]
Dec 22, 2022 4:03:54 PM Project.common.MyLogger info
INFO: Project.client.views.GamePanel: Removing shrey[1]
Dec 22, 2022 4:03:54 PM Project.common.MyLogger info
INFO: Project.client.views.GamePanel: I disconnected
Dec 22, 2022 4:03:54 PM Project.common.MyLogger info
INFO: Project.client.views.GamePanel: Clients in room: 0
Dec 22, 2022 4:03:54 PM Project.common.MyLogger info
INFO: Project.client.ClientUI: Removing shrey[1]
Dec 22, 2022 4:03:54 PM Project.common.MyLogger info
INFO: Project.client.views.UserListPanel: removing user list item for id 1
Dec 22, 2022 4:03:54 PM Project.common.MyLogger info
INFO: Project.client.ClientUI: I disconnected
