Dec 22, 2022 8:43:26 PM Project.common.MyLogger info
INFO: Project.client.views.UserInputPanel: Chosen username: shrey
Dec 22, 2022 8:43:26 PM Project.common.MyLogger info
INFO: Project.client.Client: Client connected
Dec 22, 2022 8:43:26 PM Project.common.MyLogger info
INFO: Project.client.Client: Listening for server messages
Dec 22, 2022 8:43:26 PM Project.common.MyLogger info
INFO: Project.client.Client: Sent Payload: ClientId[0], ClientName[shrey], Type[CONNECT], Message[null]
Dec 22, 2022 8:43:26 PM Project.common.MyLogger info
INFO: Project.client.views.ChatPanel: Wrapper size: java.awt.Dimension[width=786,height=600]
Dec 22, 2022 8:43:26 PM Project.common.MyLogger info
INFO: Project.client.views.GamePanel: Adding shrey[3]
Dec 22, 2022 8:43:26 PM Project.common.MyLogger info
INFO: Project.client.views.GamePanel: Clients in room: 1
Dec 22, 2022 8:43:26 PM Project.common.MyLogger info
INFO: Project.client.ClientUI: Adding shrey[3]
Dec 22, 2022 8:43:26 PM Project.common.MyLogger info
INFO: Project.client.views.UserListPanel: Adding user to list: shrey (3)
Dec 22, 2022 8:43:26 PM Project.common.MyLogger info
INFO: Project.client.views.UserListPanel: Userlist: java.awt.Dimension[width=232,height=596]
Dec 22, 2022 8:43:26 PM Project.common.MyLogger info
INFO: Project.client.views.ChatPanel: Wrapper size: java.awt.Dimension[width=554,height=600]
Dec 22, 2022 8:43:26 PM Project.common.MyLogger info
INFO: Project.client.views.ChatPanel: Wrapper size: java.awt.Dimension[width=623,height=600]
Dec 22, 2022 8:43:26 PM Project.common.MyLogger info
INFO: Project.client.views.ChatPanel: Wrapper size: java.awt.Dimension[width=603,height=600]
Dec 22, 2022 8:43:26 PM Project.common.MyLogger info
INFO: Project.client.views.ChatPanel: Wrapper size: java.awt.Dimension[width=609,height=600]
Dec 22, 2022 8:43:37 PM Project.common.MyLogger info
INFO: Project.client.views.GamePanel: Adding sam[4]
Dec 22, 2022 8:43:37 PM Project.common.MyLogger info
INFO: Project.client.views.GamePanel: Clients in room: 2
Dec 22, 2022 8:43:37 PM Project.common.MyLogger info
INFO: Project.client.ClientUI: Adding sam[4]
Dec 22, 2022 8:43:37 PM Project.common.MyLogger info
INFO: Project.client.views.UserListPanel: Adding user to list: sam (4)
Dec 22, 2022 8:43:37 PM Project.common.MyLogger info
INFO: Project.client.views.UserListPanel: Userlist: java.awt.Dimension[width=181,height=596]
Dec 22, 2022 8:43:52 PM Project.common.MyLogger info
INFO: Project.client.Client: Sent Payload: ClientId[0], ClientName[shrey], Type[MESSAGE], Message[hello]
Dec 22, 2022 8:44:30 PM Project.common.MyLogger info
INFO: Project.client.Client: Sent Payload: ClientId[0], ClientName[shrey], Type[MESSAGE], Message[/flip]
Dec 22, 2022 8:44:34 PM Project.common.MyLogger info
INFO: Project.client.Client: Sent Payload: ClientId[0], ClientName[shrey], Type[MESSAGE], Message[/roll]
Dec 22, 2022 8:51:15 PM Project.common.MyLogger info
INFO: Project.client.Client: Sent Payload: ClientId[0], ClientName[shrey], Type[MESSAGE], Message[#r# shrey]
Dec 22, 2022 8:51:52 PM Project.common.MyLogger info
INFO: Project.client.Client: Sent Payload: ClientId[0], ClientName[shrey], Type[MESSAGE], Message[/b]
Dec 22, 2022 9:15:08 PM Project.common.MyLogger info
INFO: Project.client.Client: Sent Payload: ClientId[0], ClientName[shrey], Type[MESSAGE], Message[/bold]
Dec 22, 2022 9:15:10 PM Project.common.MyLogger info
INFO: Project.client.Client: Sent Payload: ClientId[0], ClientName[shrey], Type[MESSAGE], Message[fdf]
Dec 22, 2022 9:16:10 PM Project.common.MyLogger info
INFO: Project.client.Client: Sent Payload: ClientId[0], ClientName[shrey], Type[MESSAGE], Message[__shrey__]
Dec 22, 2022 9:17:24 PM Project.common.MyLogger info
INFO: Project.client.Client: Sent Payload: ClientId[0], ClientName[shrey], Type[MESSAGE], Message[!^shrey^!]
Dec 22, 2022 9:17:38 PM Project.common.MyLogger info
INFO: Project.client.Client: Sent Payload: ClientId[0], ClientName[shrey], Type[MESSAGE], Message[#rred#r]
Dec 22, 2022 9:22:09 PM Project.common.MyLogger info
INFO: Project.client.Client: Sent Payload: ClientId[0], ClientName[shrey], Type[MESSAGE], Message[<b> hi]
Dec 22, 2022 9:23:16 PM Project.common.MyLogger info
INFO: Project.client.Client: Sent Payload: ClientId[0], ClientName[shrey], Type[MESSAGE], Message[<i>b</i>]
Dec 22, 2022 9:24:16 PM Project.common.MyLogger info
INFO: Project.client.Client: Sent Payload: ClientId[0], ClientName[shrey], Type[MESSAGE], Message[#r# hi]
Dec 22, 2022 9:30:27 PM Project.common.MyLogger info
INFO: Project.client.views.GamePanel: Adding test[5]
Dec 22, 2022 9:30:27 PM Project.common.MyLogger info
INFO: Project.client.views.GamePanel: Clients in room: 3
Dec 22, 2022 9:30:27 PM Project.common.MyLogger info
INFO: Project.client.ClientUI: Adding test[5]
Dec 22, 2022 9:30:27 PM Project.common.MyLogger info
INFO: Project.client.views.UserListPanel: Adding user to list: test (5)
Dec 22, 2022 9:30:27 PM Project.common.MyLogger info
INFO: Project.client.views.UserListPanel: Userlist: java.awt.Dimension[width=181,height=596]
Dec 22, 2022 9:30:43 PM Project.common.MyLogger info
INFO: Project.client.Client: Sent Payload: ClientId[0], ClientName[shrey], Type[MESSAGE], Message[@test how are u]
