Dec 22, 2022 4:11:06 PM Project.common.MyLogger info
INFO: Project.client.views.UserInputPanel: Chosen username: sam
Dec 22, 2022 4:11:06 PM Project.common.MyLogger info
INFO: Project.client.Client: Client connected
Dec 22, 2022 4:11:06 PM Project.common.MyLogger info
INFO: Project.client.Client: Listening for server messages
Dec 22, 2022 4:11:06 PM Project.common.MyLogger info
INFO: Project.client.Client: Sent Payload: ClientId[0], ClientName[sam], Type[CONNECT], Message[null]
Dec 22, 2022 4:11:06 PM Project.common.MyLogger info
INFO: Project.client.views.ChatPanel: Wrapper size: java.awt.Dimension[width=786,height=600]
Dec 22, 2022 4:11:06 PM Project.common.MyLogger info
INFO: Project.client.views.GamePanel: Adding sam[9]
Dec 22, 2022 4:11:06 PM Project.common.MyLogger info
INFO: Project.client.views.GamePanel: Clients in room: 1
Dec 22, 2022 4:11:06 PM Project.common.MyLogger info
INFO: Project.client.ClientUI: Adding sam[9]
Dec 22, 2022 4:11:06 PM Project.common.MyLogger info
INFO: Project.client.views.UserListPanel: Adding user to list: sam (9)
Dec 22, 2022 4:11:06 PM Project.common.MyLogger info
INFO: Project.client.views.UserListPanel: Userlist: java.awt.Dimension[width=232,height=596]
Dec 22, 2022 4:11:06 PM Project.common.MyLogger info
INFO: Project.client.views.ChatPanel: Wrapper size: java.awt.Dimension[width=554,height=600]
Dec 22, 2022 4:11:06 PM Project.common.MyLogger info
INFO: Project.client.views.ChatPanel: Wrapper size: java.awt.Dimension[width=623,height=600]
Dec 22, 2022 4:11:06 PM Project.common.MyLogger info
INFO: Project.client.views.ChatPanel: Wrapper size: java.awt.Dimension[width=603,height=600]
Dec 22, 2022 4:11:06 PM Project.common.MyLogger info
INFO: Project.client.views.GamePanel: Adding Test[8]
Dec 22, 2022 4:11:06 PM Project.common.MyLogger info
INFO: Project.client.views.GamePanel: Clients in room: 2
Dec 22, 2022 4:11:06 PM Project.common.MyLogger info
INFO: Project.client.ClientUI: Adding Test[8]
Dec 22, 2022 4:11:06 PM Project.common.MyLogger info
INFO: Project.client.views.UserListPanel: Adding user to list: Test (8)
Dec 22, 2022 4:11:06 PM Project.common.MyLogger info
INFO: Project.client.views.UserListPanel: Userlist: java.awt.Dimension[width=187,height=596]
Dec 22, 2022 4:11:06 PM Project.common.MyLogger info
INFO: Project.client.views.ChatPanel: Wrapper size: java.awt.Dimension[width=609,height=600]
Dec 22, 2022 4:11:10 PM Project.common.MyLogger info
INFO: Project.client.Client: Sent Payload: ClientId[0], ClientName[sam], Type[MESSAGE], Message[hi]
Dec 22, 2022 4:11:20 PM Project.common.MyLogger info
INFO: Project.client.Client: Sent Payload: ClientId[0], ClientName[sam], Type[MESSAGE], Message[mute]
Dec 22, 2022 4:11:24 PM Project.common.MyLogger info
INFO: Project.client.Client: Sent Payload: ClientId[0], ClientName[sam], Type[MESSAGE], Message[/mute]
