Dec 22, 2022 4:04:18 PM Project.common.MyLogger info
INFO: Project.client.views.UserInputPanel: Chosen username: Shrey
Dec 22, 2022 4:04:18 PM Project.common.MyLogger info
INFO: Project.client.Client: Client connected
Dec 22, 2022 4:04:18 PM Project.common.MyLogger info
INFO: Project.client.Client: Listening for server messages
Dec 22, 2022 4:04:18 PM Project.common.MyLogger info
INFO: Project.client.Client: Sent Payload: ClientId[0], ClientName[Shrey], Type[CONNECT], Message[null]
Dec 22, 2022 4:04:18 PM Project.common.MyLogger info
INFO: Project.client.views.ChatPanel: Wrapper size: java.awt.Dimension[width=786,height=600]
Dec 22, 2022 4:04:18 PM Project.common.MyLogger info
INFO: Project.client.views.GamePanel: Adding Shrey[4]
Dec 22, 2022 4:04:18 PM Project.common.MyLogger info
INFO: Project.client.views.GamePanel: Clients in room: 1
Dec 22, 2022 4:04:18 PM Project.common.MyLogger info
INFO: Project.client.ClientUI: Adding Shrey[4]
Dec 22, 2022 4:04:18 PM Project.common.MyLogger info
INFO: Project.client.views.UserListPanel: Adding user to list: Shrey (4)
Dec 22, 2022 4:04:18 PM Project.common.MyLogger info
INFO: Project.client.views.UserListPanel: Userlist: java.awt.Dimension[width=232,height=596]
Dec 22, 2022 4:04:18 PM Project.common.MyLogger info
INFO: Project.client.views.ChatPanel: Wrapper size: java.awt.Dimension[width=554,height=600]
Dec 22, 2022 4:04:18 PM Project.common.MyLogger info
INFO: Project.client.views.ChatPanel: Wrapper size: java.awt.Dimension[width=623,height=600]
Dec 22, 2022 4:04:18 PM Project.common.MyLogger info
INFO: Project.client.views.ChatPanel: Wrapper size: java.awt.Dimension[width=603,height=600]
Dec 22, 2022 4:04:18 PM Project.common.MyLogger info
INFO: Project.client.views.ChatPanel: Wrapper size: java.awt.Dimension[width=609,height=600]
Dec 22, 2022 4:04:35 PM Project.common.MyLogger info
INFO: Project.client.views.GamePanel: Adding sam[5]
Dec 22, 2022 4:04:35 PM Project.common.MyLogger info
INFO: Project.client.views.GamePanel: Clients in room: 2
Dec 22, 2022 4:04:35 PM Project.common.MyLogger info
INFO: Project.client.ClientUI: Adding sam[5]
Dec 22, 2022 4:04:35 PM Project.common.MyLogger info
INFO: Project.client.views.UserListPanel: Adding user to list: sam (5)
Dec 22, 2022 4:04:35 PM Project.common.MyLogger info
INFO: Project.client.views.UserListPanel: Userlist: java.awt.Dimension[width=181,height=596]
